[    0.000000] Initializing cgroup subsys cpuset
[    0.000000] Initializing cgroup subsys cpu
[    0.000000] Initializing cgroup subsys cpuacct
[    0.000000] Linux version 4.4.0-210-generic (buildd@lgw01-amd64-009) (gcc version 5.4.0 20160609 (Ubuntu 5.4.0-6ubuntu1~16.04.12) ) #242-Ubuntu SMP Fri Apr 16 09:57:56 UTC 2021 (Ubuntu 4.4.0-210.242-generic 4.4.262)
[    0.000000] Command line: BOOT_IMAGE=/boot/vmlinuz-4.4.0-210-generic root=LABEL=cloudimg-rootfs ro console=tty1 console=ttyS0
[    0.000000] KERNEL supported cpus:
[    0.000000]   Intel GenuineIntel
[    0.000000]   AMD AuthenticAMD
[    0.000000]   Centaur CentaurHauls
[    0.000000] x86/fpu: xstate_offset[2]:  576, xstate_sizes[2]:  256
[    0.000000] x86/fpu: Supporting XSAVE feature 0x01: 'x87 floating point registers'
[    0.000000] x86/fpu: Supporting XSAVE feature 0x02: 'SSE registers'
[    0.000000] x86/fpu: Supporting XSAVE feature 0x04: 'AVX registers'
[    0.000000] x86/fpu: Enabled xstate features 0x7, context size is 832 bytes, using 'standard' format.
[    0.000000] e820: BIOS-provided physical RAM map:
[    0.000000] BIOS-e820: [mem 0x0000000000000000-0x000000000009fbff] usable
[    0.000000] BIOS-e820: [mem 0x000000000009fc00-0x000000000009ffff] reserved
[    0.000000] BIOS-e820: [mem 0x00000000000f0000-0x00000000000fffff] reserved
[    0.000000] BIOS-e820: [mem 0x0000000000100000-0x00000000dffeffff] usable
[    0.000000] BIOS-e820: [mem 0x00000000dfff0000-0x00000000dfffffff] ACPI data
[    0.000000] BIOS-e820: [mem 0x00000000fec00000-0x00000000fec00fff] reserved
[    0.000000] BIOS-e820: [mem 0x00000000fee00000-0x00000000fee00fff] reserved
[    0.000000] BIOS-e820: [mem 0x00000000fffc0000-0x00000000ffffffff] reserved
[    0.000000] BIOS-e820: [mem 0x0000000100000000-0x000000011fffffff] usable
[    0.000000] NX (Execute Disable) protection: active
[    0.000000] SMBIOS 2.5 present.
[    0.000000] Hypervisor detected: KVM
[    0.000000] e820: last_pfn = 0x120000 max_arch_pfn = 0x400000000
[    0.000000] MTRR: Disabled
[    0.000000] x86/PAT: MTRRs disabled, skipping PAT initialization too.
[    0.000000] CPU MTRRs all blank - virtualized system.
[    0.000000] x86/PAT: Configuration [0-7]: WB  WT  UC- UC  WB  WT  UC- UC  
[    0.000000] e820: last_pfn = 0xdfff0 max_arch_pfn = 0x400000000
[    0.000000] found SMP MP-table at [mem 0x0009fff0-0x0009ffff] mapped at [ffff88000009fff0]
[    0.000000] Scanning 1 areas for low memory corruption
[    0.000000] RAMDISK: [mem 0x362dc000-0x37165fff]
[    0.000000] ACPI: Early table checksum verification disabled
[    0.000000] ACPI: RSDP 0x00000000000E0000 000024 (v02 VBOX  )
[    0.000000] ACPI: XSDT 0x00000000DFFF0030 00003C (v01 VBOX   VBOXXSDT 00000001 ASL  00000061)
[    0.000000] ACPI: FACP 0x00000000DFFF00F0 0000F4 (v04 VBOX   VBOXFACP 00000001 ASL  00000061)
[    0.000000] ACPI: DSDT 0x00000000DFFF0610 002353 (v02 VBOX   VBOXBIOS 00000002 INTL 20210930)
[    0.000000] ACPI: FACS 0x00000000DFFF0200 000040
[    0.000000] ACPI: FACS 0x00000000DFFF0200 000040
[    0.000000] ACPI: APIC 0x00000000DFFF0240 00005C (v02 VBOX   VBOXAPIC 00000001 ASL  00000061)
[    0.000000] ACPI: SSDT 0x00000000DFFF02A0 00036C (v01 VBOX   VBOXCPUT 00000002 INTL 20210930)
[    0.000000] No NUMA configuration found
[    0.000000] Faking a node at [mem 0x0000000000000000-0x000000011fffffff]
[    0.000000] NODE_DATA(0) allocated [mem 0x11fff7000-0x11fffbfff]
[    0.000000] kvm-clock: Using msrs 4b564d01 and 4b564d00
[    0.000000] kvm-clock: cpu 0, msr 1:1ffef001, primary cpu clock
[    0.000000] kvm-clock: using sched offset of 3177172796 cycles
[    0.000000] clocksource: kvm-clock: mask: 0xffffffffffffffff max_cycles: 0x1cd42e4dffb, max_idle_ns: 881590591483 ns
[    0.000000] Zone ranges:
[    0.000000]   DMA      [mem 0x0000000000001000-0x0000000000ffffff]
[    0.000000]   DMA32    [mem 0x0000000001000000-0x00000000ffffffff]
[    0.000000]   Normal   [mem 0x0000000100000000-0x000000011fffffff]
[    0.000000]   Device   empty
[    0.000000] Movable zone start for each node
[    0.000000] Early memory node ranges
[    0.000000]   node   0: [mem 0x0000000000001000-0x000000000009efff]
[    0.000000]   node   0: [mem 0x0000000000100000-0x00000000dffeffff]
[    0.000000]   node   0: [mem 0x0000000100000000-0x000000011fffffff]
[    0.000000] Initmem setup node 0 [mem 0x0000000000001000-0x000000011fffffff]
[    0.000000] ACPI: PM-Timer IO Port: 0x4008
[    0.000000] IOAPIC[0]: apic_id 2, version 32, address 0xfec00000, GSI 0-23
[    0.000000] ACPI: INT_SRC_OVR (bus 0 bus_irq 0 global_irq 2 dfl dfl)
[    0.000000] ACPI: INT_SRC_OVR (bus 0 bus_irq 9 global_irq 9 low level)
[    0.000000] Using ACPI (MADT) for SMP configuration information
[    0.000000] smpboot: Allowing 2 CPUs, 0 hotplug CPUs
[    0.000000] PM: Registered nosave memory: [mem 0x00000000-0x00000fff]
[    0.000000] PM: Registered nosave memory: [mem 0x0009f000-0x0009ffff]
[    0.000000] PM: Registered nosave memory: [mem 0x000a0000-0x000effff]
[    0.000000] PM: Registered nosave memory: [mem 0x000f0000-0x000fffff]
[    0.000000] PM: Registered nosave memory: [mem 0xdfff0000-0xdfffffff]
[    0.000000] PM: Registered nosave memory: [mem 0xe0000000-0xfebfffff]
[    0.000000] PM: Registered nosave memory: [mem 0xfec00000-0xfec00fff]
[    0.000000] PM: Registered nosave memory: [mem 0xfec01000-0xfedfffff]
[    0.000000] PM: Registered nosave memory: [mem 0xfee00000-0xfee00fff]
[    0.000000] PM: Registered nosave memory: [mem 0xfee01000-0xfffbffff]
[    0.000000] PM: Registered nosave memory: [mem 0xfffc0000-0xffffffff]
[    0.000000] e820: [mem 0xe0000000-0xfebfffff] available for PCI devices
[    0.000000] Booting paravirtualized kernel on KVM
[    0.000000] clocksource: refined-jiffies: mask: 0xffffffff max_cycles: 0xffffffff, max_idle_ns: 7645519600211568 ns
[    0.000000] setup_percpu: NR_CPUS:512 nr_cpumask_bits:512 nr_cpu_ids:2 nr_node_ids:1
[    0.000000] PERCPU: Embedded 33 pages/cpu @ffff88011fc00000 s95192 r8192 d31784 u1048576
[    0.000000] Built 1 zonelists in Node order, mobility grouping on.  Total pages: 1032056
[    0.000000] Policy zone: Normal
[    0.000000] Kernel command line: BOOT_IMAGE=/boot/vmlinuz-4.4.0-210-generic root=LABEL=cloudimg-rootfs ro console=tty1 console=ttyS0
[    0.000000] PID hash table entries: 4096 (order: 3, 32768 bytes)
[    0.000000] Memory: 4028304K/4193848K available (8644K kernel code, 1332K rwdata, 4044K rodata, 1492K init, 1164K bss, 165544K reserved, 0K cma-reserved)
[    0.000000] SLUB: HWalign=64, Order=0-3, MinObjects=0, CPUs=2, Nodes=1
[    0.000000] Kernel/User page tables isolation: enabled
[    0.000000] Hierarchical RCU implementation.
[    0.000000] 	Build-time adjustment of leaf fanout to 64.
[    0.000000] 	RCU restricting CPUs from NR_CPUS=512 to nr_cpu_ids=2.
[    0.000000] RCU: Adjusting geometry for rcu_fanout_leaf=64, nr_cpu_ids=2
[    0.000000] NR_IRQS:33024 nr_irqs:440 16
[    0.000000] Console: colour VGA+ 80x25
[    0.000000] console [tty1] enabled
[    0.000000] console [ttyS0] enabled
[    0.000000] tsc: Detected 3200.250 MHz processor
[    0.650324] Calibrating delay loop (skipped) preset value.. 6400.50 BogoMIPS (lpj=12801000)
[    0.657463] pid_max: default: 32768 minimum: 301
[    0.660983] ACPI: Core revision 20150930
[    0.664894] ACPI: 2 ACPI AML tables successfully acquired and loaded
[    0.670333] Security Framework initialized
[    0.673466] Yama: becoming mindful.
[    0.676129] AppArmor: AppArmor initialized
[    0.680252] Dentry cache hash table entries: 524288 (order: 10, 4194304 bytes)
[    0.692405] Inode-cache hash table entries: 262144 (order: 9, 2097152 bytes)
[    0.701490] Mount-cache hash table entries: 8192 (order: 4, 65536 bytes)
[    0.706494] Mountpoint-cache hash table entries: 8192 (order: 4, 65536 bytes)
[    0.712062] Initializing cgroup subsys io
[    0.715125] Initializing cgroup subsys memory
[    0.718388] Initializing cgroup subsys devices
[    0.721677] Initializing cgroup subsys freezer
[    0.725521] Initializing cgroup subsys net_cls
[    0.729257] Initializing cgroup subsys perf_event
[    0.733063] Initializing cgroup subsys net_prio
[    0.736650] Initializing cgroup subsys hugetlb
[    0.740000] Initializing cgroup subsys pids
[    0.745247] mce: CPU supports 0 MCE banks
[    0.748599] Last level iTLB entries: 4KB 64, 2MB 8, 4MB 8
[    0.752574] Last level dTLB entries: 4KB 64, 2MB 0, 4MB 0, 1GB 4
[    0.756999] Spectre V1 : Mitigation: usercopy/swapgs barriers and __user pointer sanitization
[    0.763768] Spectre V2 : Mitigation: Full generic retpoline
[    0.767714] Spectre V2 : Spectre v2 / SpectreRSB mitigation: Filling RSB on context switch
[    0.773536] Speculative Store Bypass: Vulnerable
[    0.777774] MDS: Mitigation: Clear CPU buffers
[    0.820155] Freeing SMP alternatives memory: 36K
[    0.904473] ftrace: allocating 32380 entries in 127 pages
[    1.459764] smpboot: APIC(0) Converting physical 0 to logical package 0
[    1.464944] smpboot: Max logical packages: 1
[    1.470643] x2apic enabled
[    1.474743] Switched APIC routing to physical x2apic.
[    1.486495] ..TIMER: vector=0x30 apic1=0 pin1=2 apic2=-1 pin2=-1
[    1.599406] smpboot: CPU0: Intel(R) Xeon(R) W-2140B CPU @ 3.20GHz (family: 0x6, model: 0x55, stepping: 0x4)
[    1.607832] Performance Events: unsupported p6 CPU model 85 no PMU driver, software events only.
[    1.697016] KVM setup paravirtual spinlock
[    1.702619] x86: Booting SMP configuration:
[    1.705879] .... node  #0, CPUs:      #1
[    1.710574] kvm-clock: cpu 1, msr 1:1ffef041, secondary cpu clock
[    1.715702] mce: CPU supports 0 MCE banks
[    1.719754] x86: Booted up 1 node, 2 CPUs
[    1.723031] smpboot: Total of 2 processors activated (12801.00 BogoMIPS)
[    1.729615] devtmpfs: initialized
[    1.734288] evm: security.selinux
[    1.736954] evm: security.SMACK64
[    1.739684] evm: security.SMACK64EXEC
[    1.742614] evm: security.SMACK64TRANSMUTE
[    1.745813] evm: security.SMACK64MMAP
[    1.748708] evm: security.ima
[    1.751202] evm: security.capability
[    1.754340] clocksource: jiffies: mask: 0xffffffff max_cycles: 0xffffffff, max_idle_ns: 7645041785100000 ns
[    1.761188] futex hash table entries: 512 (order: 3, 32768 bytes)
[    1.765891] pinctrl core: initialized pinctrl subsystem
[    1.770116] RTC time: 16:51:33, date: 07/18/23
[    1.773851] NET: Registered protocol family 16
[    1.788361] cpuidle: using governor ladder
[    1.800904] cpuidle: using governor menu
[    1.804023] PCCT header not found.
[    1.806911] ACPI: bus type PCI registered
[    1.810032] acpiphp: ACPI Hot Plug PCI Controller Driver version: 0.5
[    1.815078] PCI: Using configuration type 1 for base access
[    1.830340] ACPI: Added _OSI(Module Device)
[    1.833584] ACPI: Added _OSI(Processor Device)
[    1.836966] ACPI: Added _OSI(3.0 _SCP Extensions)
[    1.840484] ACPI: Added _OSI(Processor Aggregator Device)
[    1.845568] ACPI: Executed 1 blocks of module-level executable AML code
[    1.854120] ACPI: Interpreter enabled
[    1.857002] ACPI: (supports S0 S5)
[    1.859775] ACPI: Using IOAPIC for interrupt routing
[    1.863814] PCI: Using host bridge windows from ACPI; if necessary, use "pci=nocrs" and report a bug
[    1.876795] ACPI: PCI Root Bridge [PCI0] (domain 0000 [bus 00-ff])
[    1.881364] acpi PNP0A03:00: _OSC: OS supports [ASPM ClockPM Segments MSI]
[    1.886937] acpi PNP0A03:00: _OSC: not requesting OS control; OS requires [ExtendedConfig ASPM ClockPM MSI]
[    1.893845] acpi PNP0A03:00: fail to add MMCONFIG information, can't access extended PCI configuration space under this bridge.
[    1.902547] PCI host bridge to bus 0000:00
[    1.917825] pci_bus 0000:00: root bus resource [io  0x0000-0x0cf7 window]
[    1.922674] pci_bus 0000:00: root bus resource [io  0x0d00-0xffff window]
[    1.927520] pci_bus 0000:00: root bus resource [mem 0x000a0000-0x000bffff window]
[    1.932954] pci_bus 0000:00: root bus resource [mem 0xe0000000-0xfdffffff window]
[    1.938365] pci_bus 0000:00: root bus resource [bus 00-ff]
[    1.948449] pci 0000:00:01.1: legacy IDE quirk: reg 0x10: [io  0x01f0-0x01f7]
[    1.953522] pci 0000:00:01.1: legacy IDE quirk: reg 0x14: [io  0x03f6]
[    1.958219] pci 0000:00:01.1: legacy IDE quirk: reg 0x18: [io  0x0170-0x0177]
[    1.963279] pci 0000:00:01.1: legacy IDE quirk: reg 0x1c: [io  0x0376]
[    2.030326] pci 0000:00:07.0: quirk: [io  0x4000-0x403f] claimed by PIIX4 ACPI
[    2.035643] pci 0000:00:07.0: quirk: [io  0x4100-0x410f] claimed by PIIX4 SMB
[    2.055858] ACPI: PCI Interrupt Link [LNKA] (IRQs 5 9 10 *11)
[    2.063785] ACPI: PCI Interrupt Link [LNKB] (IRQs 5 9 *10 11)
[    2.071402] ACPI: PCI Interrupt Link [LNKC] (IRQs 5 *9 10 11)
[    2.079027] ACPI: PCI Interrupt Link [LNKD] (IRQs 5 9 10 *11)
[    2.086748] ACPI: Enabled 2 GPEs in block 00 to 07
[    2.091722] vgaarb: setting as boot device: PCI:0000:00:02.0
[    2.095868] vgaarb: device added: PCI:0000:00:02.0,decodes=io+mem,owns=io+mem,locks=none
[    2.101797] vgaarb: loaded
[    2.104156] vgaarb: bridge control possible 0000:00:02.0
[    2.108397] SCSI subsystem initialized
[    2.111661] ACPI: bus type USB registered
[    2.114841] usbcore: registered new interface driver usbfs
[    2.118972] usbcore: registered new interface driver hub
[    2.122919] usbcore: registered new device driver usb
[    2.127283] PCI: Using ACPI for IRQ routing
[    2.131296] NetLabel: Initializing
[    2.134059] NetLabel:  domain hash size = 128
[    2.137466] NetLabel:  protocols = UNLABELED CIPSOv4
[    2.141277] NetLabel:  unlabeled traffic allowed by default
[    2.145605] amd_nb: Cannot enumerate AMD northbridges
[    2.149533] clocksource: Switched to clocksource kvm-clock
[    2.166822] AppArmor: AppArmor Filesystem Enabled
[    2.170556] pnp: PnP ACPI init
[    2.174731] pnp: PnP ACPI: found 3 devices
[    2.194953] clocksource: acpi_pm: mask: 0xffffff max_cycles: 0xffffff, max_idle_ns: 2085701024 ns
[    2.201271] NET: Registered protocol family 2
[    2.205008] TCP established hash table entries: 32768 (order: 6, 262144 bytes)
[    2.210606] TCP bind hash table entries: 32768 (order: 7, 524288 bytes)
[    2.215979] TCP: Hash tables configured (established 32768 bind 32768)
[    2.220876] UDP hash table entries: 2048 (order: 4, 65536 bytes)
[    2.225282] UDP-Lite hash table entries: 2048 (order: 4, 65536 bytes)
[    2.230031] NET: Registered protocol family 1
[    2.233313] pci 0000:00:00.0: Limiting direct PCI/PCI transfers
[    2.237714] pci 0000:00:01.0: Activating ISA DMA hang workarounds
[    2.242566] Unpacking initramfs...
[    2.467052] Freeing initrd memory: 14888K
[    2.470370] PCI-DMA: Using software bounce buffering for IO (SWIOTLB)
[    2.475053] software IO TLB: mapped [mem 0xdbff0000-0xdfff0000] (64MB)
[    2.479852] clocksource: tsc: mask: 0xffffffffffffffff max_cycles: 0x2e21369491c, max_idle_ns: 440795321282 ns
[    2.486924] platform rtc_cmos: registered platform RTC device (no PNP device found)
[    2.492598] Scanning for low memory corruption every 60 seconds
[    2.497876] audit: initializing netlink subsys (disabled)
[    2.501995] audit: type=2000 audit(1689699098.289:1): initialized
[    2.506724] Initialise system trusted keyring
[    2.510471] HugeTLB registered 2 MB page size, pre-allocated 0 pages
[    2.516515] zbud: loaded
[    2.519257] VFS: Disk quotas dquot_6.6.0
[    2.522460] VFS: Dquot-cache hash table entries: 512 (order 0, 4096 bytes)
[    2.527670] squashfs: version 4.0 (2009/01/31) Phillip Lougher
[    2.532453] fuse init (API version 7.23)
[    2.535926] Key type big_key registered
[    2.539034] Allocating IMA MOK and blacklist keyrings.
[    2.546446] Key type asymmetric registered
[    2.549589] Asymmetric key parser 'x509' registered
[    2.553323] Block layer SCSI generic (bsg) driver version 0.4 loaded (major 249)
[    2.558893] io scheduler noop registered
[    2.561924] io scheduler deadline registered (default)
[    2.565866] io scheduler cfq registered
[    2.568917] pci_hotplug: PCI Hot Plug PCI Core version: 0.5
[    2.573092] pciehp: PCI Express Hot Plug Controller Driver version: 0.4
[    2.578132] ACPI: AC Adapter [AC] (on-line)
[    2.581397] input: Power Button as /devices/LNXSYSTM:00/LNXPWRBN:00/input/input0
[    2.586853] ACPI: Power Button [PWRF]
[    2.589910] input: Sleep Button as /devices/LNXSYSTM:00/LNXSLPBN:00/input/input1
[    2.595352] ACPI: Sleep Button [SLPF]
[    2.598682] GHES: HEST is not enabled!
[    2.602002] Serial: 8250/16550 driver, 32 ports, IRQ sharing enabled
[    2.632730] 00:02: ttyS0 at I/O 0x3f8 (irq = 4, base_baud = 115200) is a 16550A
[    2.643219] Linux agpgart interface v0.103
[    2.651057] loop: module loaded
[    2.655269] scsi host0: ata_piix
[    2.658425] scsi host1: ata_piix
[    2.661086] ata1: PATA max UDMA/33 cmd 0x1f0 ctl 0x3f6 bmdma 0xd000 irq 14
[    2.666035] ata2: PATA max UDMA/33 cmd 0x170 ctl 0x376 bmdma 0xd008 irq 15
[    2.672050] libphy: Fixed MDIO Bus: probed
[    2.676294] tun: Universal TUN/TAP device driver, 1.6
[    2.680107] tun: (C) 1999-2004 Max Krasnyansky <maxk@qualcomm.com>
[    2.684828] PPP generic driver version 2.4.2
[    2.688358] ehci_hcd: USB 2.0 'Enhanced' Host Controller (EHCI) Driver
[    2.693117] ehci-pci: EHCI PCI platform driver
[    2.696582] ehci-platform: EHCI generic platform driver
[    2.700930] ohci_hcd: USB 1.1 'Open' Host Controller (OHCI) Driver
[    2.705562] ohci-pci: OHCI PCI platform driver
[    2.708940] ohci-platform: OHCI generic platform driver
[    2.712881] uhci_hcd: USB Universal Host Controller Interface driver
[    2.717553] i8042: PNP: PS/2 Controller [PNP0303:PS2K,PNP0f03:PS2M] at 0x60,0x64 irq 1,12
[    2.726022] serio: i8042 KBD port at 0x60,0x64 irq 1
[    2.729711] serio: i8042 AUX port at 0x60,0x64 irq 12
[    2.733725] mousedev: PS/2 mouse device common for all mice
[    2.741679] input: AT Translated Set 2 keyboard as /devices/platform/i8042/serio0/input/input2
[    2.750617] rtc_cmos rtc_cmos: rtc core: registered rtc_cmos as rtc0
[    2.756369] rtc_cmos rtc_cmos: alarms up to one day, 114 bytes nvram
[    2.761064] i2c /dev entries driver
[    2.763995] device-mapper: uevent: version 1.0.3
[    2.767701] device-mapper: ioctl: 4.34.0-ioctl (2015-10-28) initialised: dm-devel@redhat.com
[    2.773802] ledtrig-cpu: registered to indicate activity on CPUs
[    2.779216] NET: Registered protocol family 10
[    2.783014] NET: Registered protocol family 17
[    2.786499] Key type dns_resolver registered
[    2.790302] registered taskstats version 1
[    2.793571] Loading compiled-in X.509 certificates
[    2.797993] Loaded X.509 cert 'Build time autogenerated kernel key: cf00e047681d67edb2720680708b7d9498083038'
[    2.804972] zswap: loaded using pool lzo/zbud
[    2.813369] Key type trusted registered
[    2.855202] Key type encrypted registered
[    2.858970] AppArmor: AppArmor sha1 policy hashing enabled
[    2.863567] ima: No TPM chip found, activating TPM-bypass!
[    2.868299] ima: Allocated hash algorithm: sha1
[    2.872286] evm: HMAC attrs: 0x1
[    2.876009]   Magic number: 15:395:894
[    2.882607] rtc_cmos rtc_cmos: setting system clock to 2023-07-18 16:51:35 UTC (1689699095)
[    2.889300] BIOS EDD facility v0.16 2004-Jun-25, 0 devices found
[    2.894054] EDD information not available.
[    2.899229] Freeing unused kernel memory: 1492K
[    2.909637] Write protecting the kernel read-only data: 14336k
[    2.914609] Freeing unused kernel memory: 1584K
[    2.918355] Freeing unused kernel memory: 52K
Loading, please wait...
starting version 229
[    2.939653] random: systemd-udevd: uninitialized urandom read (16 bytes read, 5 bits of entropy available)
[    2.940788] random: udevadm: uninitialized urandom read (16 bytes read, 5 bits of entropy available)
[    2.940819] random: udevadm: uninitialized urandom read (16 bytes read, 5 bits of entropy available)
[    2.955077] random: udevadm: uninitialized urandom read (16 bytes read, 5 bits of entropy available)
[    2.955141] random: udevadm: uninitialized urandom read (16 bytes read, 5 bits of entropy available)
[    2.955350] random: udevadm: uninitialized urandom read (16 bytes read, 5 bits of entropy available)
[    2.955435] random: udevadm: uninitialized urandom read (16 bytes read, 5 bits of entropy available)
[    2.955509] random: udevadm: uninitialized urandom read (16 bytes read, 5 bits of entropy available)
[    2.955608] random: udevadm: uninitialized urandom read (16 bytes read, 5 bits of entropy available)
[    2.955683] random: udevadm: uninitialized urandom read (16 bytes read, 5 bits of entropy available)
[    3.039926] e1000: Intel(R) PRO/1000 Network Driver - version 7.3.21-k8-NAPI
[    3.045359] e1000: Copyright (c) 1999-2006 Intel Corporation.
[    3.051869] Fusion MPT base driver 3.04.20
[    3.055270] Copyright (c) 1999-2008 LSI Corporation
[    3.066703] Fusion MPT SPI Host driver 3.04.20
[    3.089337] AVX2 version of gcm_enc/dec engaged.
[    3.093122] AES CTR mode by8 optimization enabled
[    3.367067] input: ImExPS/2 Generic Explorer Mouse as /devices/platform/i8042/serio1/input/input4
[    3.569785] e1000 0000:00:03.0 eth0: (PCI:33MHz:32-bit) 02:be:82:6b:cc:1d
[    3.574775] e1000 0000:00:03.0 eth0: Intel(R) PRO/1000 Network Connection
[    3.580916] mptbase: ioc0: Initiating bringup
[    3.581674] e1000 0000:00:03.0 enp0s3: renamed from eth0
[    3.655366] ioc0: LSI53C1030 A0: Capabilities={Initiator}
[    3.818708] scsi host2: ioc0: LSI53C1030 A0, FwRev=00000000h, Ports=1, MaxQ=256, IRQ=20
[    3.946363] scsi 2:0:0:0: Direct-Access     VBOX     HARDDISK         1.0  PQ: 0 ANSI: 5
[    3.952398] scsi target2:0:0: Beginning Domain Validation
[    3.959103] scsi target2:0:0: Domain Validation skipping write tests
[    3.963697] scsi target2:0:0: Ending Domain Validation
[    3.967724] scsi target2:0:0: asynchronous
[    3.971895] scsi 2:0:1:0: Direct-Access     VBOX     HARDDISK         1.0  PQ: 0 ANSI: 5
[    3.977751] scsi target2:0:1: Beginning Domain Validation
[    3.984327] scsi target2:0:1: Domain Validation skipping write tests
[    3.988940] scsi target2:0:1: Ending Domain Validation
[    3.992968] scsi target2:0:1: asynchronous
[    4.006349] sd 2:0:0:0: [sda] 83886080 512-byte logical blocks: (42.9 GB/40.0 GiB)
[    4.006583] sd 2:0:0:0: Attached scsi generic sg0 type 0
[    4.014605] sd 2:0:1:0: Attached scsi generic sg1 type 0
[    4.015404] sd 2:0:1:0: [sdb] 20480 512-byte logical blocks: (10.5 MB/10.0 MiB)
[    4.015818] sd 2:0:1:0: [sdb] Write Protect is off
[    4.016081] sd 2:0:1:0: [sdb] Incomplete mode parameter data
[    4.016082] sd 2:0:1:0: [sdb] Assuming drive cache: write through
[    4.019862] sd 2:0:1:0: [sdb] Attached SCSI disk
[    4.043943] sd 2:0:0:0: [sda] Write Protect is off
[    4.048321] sd 2:0:0:0: [sda] Incomplete mode parameter data
[    4.052674] sd 2:0:0:0: [sda] Assuming drive cache: write through
[    4.060608]  sda: sda1
[    4.064635] sd 2:0:0:0: [sda] Attached SCSI disk
Begin: Loading essential drivers ... [    5.616908] md: linear personality registered for level -1
[    5.623926] md: multipath personality registered for level -4
[    5.630786] md: raid0 personality registered for level 0
[    5.643525] md: raid1 personality registered for level 1
[    5.718589] raid6: sse2x1   gen() 13121 MB/s
[    5.791144] raid6: sse2x1   xor()  9871 MB/s
[    5.858504] raid6: sse2x2   gen() 15811 MB/s
[    5.929576] raid6: sse2x2   xor() 11032 MB/s
[    5.998433] raid6: sse2x4   gen() 17960 MB/s
[    6.070244] raid6: sse2x4   xor() 11796 MB/s
[    6.142298] raid6: avx2x1   gen() 22957 MB/s
[    6.214240] raid6: avx2x2   gen() 29468 MB/s
[    6.285746] raid6: avx2x4   gen() 31742 MB/s
[    6.289089] raid6: using algorithm avx2x4 gen() 31742 MB/s
[    6.293226] raid6: using avx2x2 recovery algorithm
[    6.298856] xor: automatically using best checksumming function:
[    6.724283]    avx       : 1984903.000 MB/sec
[    6.731617] async_tx: api initialized (async)
[    6.761855] md: raid6 personality registered for level 6
[    6.765865] md: raid5 personality registered for level 5
[    6.769950] md: raid4 personality registered for level 4
[    6.787771] md: raid10 personality registered for level 10
done.
Begin: Running /scripts/init-premount ... done.
Begin: Mounting root file system ... Begin: Running /scripts/local-top ... done.
Begin: Running /scripts/local-premount ... [    6.859166] Btrfs loaded
Scanning for Btrfs filesystems
done.
Warning: fsck not present, so skipping root file system
[    6.896595] EXT4-fs (sda1): mounted filesystem with ordered data mode. Opts: (null)
done.
Begin: Running /scripts/local-bottom ... done.
Begin: Running /scripts/init-bottom ... done.
[    7.019340] systemd[1]: systemd 229 running in system mode. (+PAM +AUDIT +SELINUX +IMA +APPARMOR +SMACK +SYSVINIT +UTMP +LIBCRYPTSETUP +GCRYPT +GNUTLS +ACL +XZ -LZ4 +SECCOMP +BLKID +ELFUTILS +KMOD -IDN)
[    7.031670] systemd[1]: Detected virtualization oracle.
[    7.035642] systemd[1]: Detected architecture x86-64.

Welcome to [1mUbuntu 16.04.7 LTS[0m!

[    7.045065] systemd[1]: Set hostname to <ubuntu>.
[    7.051636] systemd[1]: Initializing machine ID from random generator.
[    7.056527] systemd[1]: Installed transient /etc/machine-id file.
[    7.202626] systemd[1]: Listening on Journal Audit Socket.
[[0;32m  OK  [0m] Listening on Journal Audit Socket.
[    7.209628] systemd[1]: Reached target User and Group Name Lookups.
[[0;32m  OK  [0m] Reached target User and Group Name Lookups.
[    7.217606] systemd[1]: Set up automount Arbitrary Executable File Formats File System Automount Point.
[[0;32m  OK  [0m] Set up automount Arbitrary Executab...ats File System Automount Point.
[    7.228331] systemd[1]: Reached target System Time Synchronized.
[[0;32m  OK  [0m] Reached target System Time Synchronized.
[    7.235685] systemd[1]: Listening on Syslog Socket.
[[0;32m  OK  [0m] Listening on Syslog Socket.
[    7.242201] systemd[1]: Listening on udev Kernel Socket.
[[0;32m  OK  [0m] Listening on udev Kernel Socket.
[    7.248975] systemd[1]: Listening on /dev/initctl Compatibility Named Pipe.
[[0;32m  OK  [0m] Listening on /dev/initctl Compatibility Named Pipe.
[    7.257312] systemd[1]: Listening on LVM2 poll daemon socket.
[[0;32m  OK  [0m] Listening on LVM2 poll daemon socket.
[    7.264472] systemd[1]: Listening on udev Control Socket.
[[0;32m  OK  [0m] Listening on udev Control Socket.
[    7.271346] systemd[1]: Listening on Journal Socket.
[[0;32m  OK  [0m] Listening on Journal Socket.
[    7.278114] systemd[1]: Created slice System Slice.
[[0;32m  OK  [0m] Created slice System Slice.
[    7.294138] systemd[1]: Mounting POSIX Message Queue File System...
         Mounting POSIX Message Queue File System...
[    7.302481] systemd[1]: Starting Nameserver information manager...
         Starting Nameserver information manager...
[    7.310008] systemd[1]: Listening on Journal Socket (/dev/log).
[[0;32m  OK  [0m] Listening on Journal Socket (/dev/log).
[    7.317639] systemd[1]: Created slice User and Session Slice.
[[0;32m  OK  [0m] Created slice User and Session Slice.
[    7.324929] systemd[1]: Reached target Slices.
[[0;32m  OK  [0m] Reached target Slices.
[    7.341734] systemd[1]: Mounting Debug File System...
         Mounting Debug File System...
[    7.348609] systemd[1]: Starting Uncomplicated firewall...
         Starting Uncomplicated firewall...
[    7.355739] systemd[1]: Listening on Device-mapper event daemon FIFOs.
[[0;32m  OK  [0m] Listening on Device-mapper event daemon FIFOs.
[    7.363961] systemd[1]: Listening on LVM2 metadata daemon socket.
[[0;32m  OK  [0m] Listening on LVM2 metadata daemon socket.
[    7.372098] systemd[1]: Starting Monitoring of LVM2 mirrors, snapshots etc. using dmeventd or progress polling...
         Starting Monitoring of LVM2 mirrors... dmeventd or progress polling...
[    7.384333] systemd[1]: Starting Set console keymap...
         Starting Set console keymap...
[    7.392089] systemd[1]: Starting Journal Service...
         Starting Journal Service...
[    7.399688] systemd[1]: Listening on fsck to fsckd communication Socket.
[[0;32m  OK  [0m] Listening on fsck to fsckd communication Socket.
[    7.408317] systemd[1]: Starting File System Check on Root Device...
         Starting File System Check on Root Device...
[    7.417944] systemd[1]: Starting Load Kernel Modules...
         Starting Load Kernel Modules...
[    7.431520] systemd[1]: Started Forward Password Requests to Wall Directory Watch.
[    7.438005] Loading iSCSI transport class v2.0-870.
[[0;32m  OK  [0m] Started Forward Password Requests to Wall Directory Watch.
[    7.444727] systemd[1]: Reached target Encrypted Volumes.
[[0;32m  OK  [0m] Reached target Encrypted Volumes.
[    7.452216] systemd[1]: Starting Create list of required static device nodes for the current kernel...
         Starting Create list of required st... nodes for the current kernel...
[    7.465083] systemd[1]: Started Trigger resolvconf update for networkd DNS.
[[0;32m  OK  [0m] Started Trigger resolvconf update for networkd DNS.
[    7.480320] systemd[1]: Reached target Swap.
[[0;32m  OK  [0m] Reached target Swap.
[    7.488090] systemd[1]: Created slice system-serial\x2dgetty.slice.
[[0;32m  OK  [0m] Created slice system-serial\x2dgetty.slice.
[    7.497832] iscsi: registered transport (tcp)
[    7.498969] systemd[1]: Mounting Huge Pages File System...
         Mounting Huge Pages File System...
[    7.511739] systemd[1]: Mounted Huge Pages File System.
[[0;32m  OK  [0m] Mounted Huge Pages File System.
[    7.522018] systemd[1]: Mounted POSIX Message Queue File System.
[[0;32m  OK  [0m] Mounted POSIX Message Queue File System.
[    7.532445] systemd[1]: Mounted Debug File System.
[[0;32m  OK  [0m[    7.539237] random: nonblocking pool is initialized
] Mounted Debug File System.
[    7.544187] systemd[1]: Started Journal Service.
[[0;32m  OK  [0m] Started Journal Service.
[[0;32m  OK  [0m] Started Uncomplicated firewall.
[[0;32m  OK  [0m] Started File System Check on Root Device.
[[0;32m  OK  [0m] Started Create list of required sta...ce nodes for the current kernel.
[[0;32m  OK  [0m] Started Nameserver information manager.
[[0;32m  OK  [0m] Started LVM2 metadata daemon.
[[0;32m  OK  [0m] Started File System Check Daemon to report status.
         Starting Create Static Device Nodes in /dev...
         Starting Remount Root and Kernel File Systems...
[[0;32m  OK  [0m] Started Set console keymap.
[    7.612745] EXT4-fs (sda1): re-mounted. Opts: (null)
[[0;32m  OK  [0m] Started Remount Root and Kernel File Systems.
         Starting Load/Save Random Seed...
         Starting Flush Journal to Persistent Storage...
[    7.634244] iscsi: registered transport (iser)
         Starting udev Coldplug all Devices...
[[0;32m  OK  [0m] Started Load Kernel Modules.
[[0;32m  OK  [0m] Started Load/Save Random Seed.
         Mounting FUSE Control File System...
         Starting Apply Kernel Variables...
[[0;32m  OK  [0m] Mounted FUSE Control File System.
[    7.663013] systemd-journald[385]: Received request to flush runtime journal from PID 1
[[0;32m  OK  [0m] Started Flush Journal to Persistent Storage.
[[0;32m  OK  [0m] Started Create Static Device Nodes in /dev.
[[0;32m  OK  [0m] Started Apply Kernel Variables.
         Starting udev Kernel Device Manager...
[[0;32m  OK  [0m] Started udev Kernel Device Manager.
[[0;32m  OK  [0m] Started udev Coldplug all Devices.
[[0;32m  OK  [0m] Started Dispatch Password Requests to Console Directory Watch.
[[0;32m  OK  [0m] Started Monitoring of LVM2 mirrors,...ng dmeventd or progress polling.
[[0;32m  OK  [0m] Reached target Local File Systems (Pre).
[[0;32m  OK  [0m] Reached target Local File Systems.
         Starting Initial cloud-init job (pre-networking)...
         Starting Set console font and keymap...
         Starting LSB: AppArmor initialization...
         Starting Create Volatile Files and Directories...
         Starting Tell Plymouth To Write Out Runtime Data...
         Starting Commit a transient machine-id on disk...
[[0;32m  OK  [0m] Found device /dev/ttyS0.
[[0;32m  OK  [0m] Started Create Volatile Files and Directories.
         Starting Update UTMP about System Boot/Shutdown...
[[0;32m  OK  [0m] Started Tell Plymouth To Write Out Runtime Data.
[[0;32m  OK  [0m] Started Update UTMP about System Boot/Shutdown.
[[0;32m  OK  [0m] Started Commit a transient machine-id on disk.
[[0;32m  OK  [0m] Listening on Load/Save RF Kill Switch Status /dev/rfkill Watch.
[    7.901800] cloud-init[501]: [[0;32m  OK  [0m] Started LSB: AppArmor initialization.
Cloud-init v. 21.1-19-gbad84ad4-0ubuntu1~16.04.2 running 'init-local' at Tue, 18 Jul 2023 16:51:41 +0000. Up 7.49 seconds.
         Starting Load AppArmor profiles managed internally by snapd...
[[0;32m  OK  [0m] Started Initial cloud-init job (pre-networking).
[[0;32m  OK  [0m] Started Load AppArmor profiles managed internally by snapd.
[[0;32m  OK  [0m] Reached target Network (Pre).
         Starting Raise network interfaces...
[[0;32m  OK  [0m] Started Set console font and keymap.
[[0;32m  OK  [0m] Created slice system-getty.slice.
[[0;32m  OK  [0m] Started Raise network interfaces.
[[0;32m  OK  [0m] Reached target Network.
         Starting Initial cloud-init job (metadata service crawler)...
[    9.700741] cloud-init[955]: Cloud-init v. 21.1-19-gbad84ad4-0ubuntu1~16.04.2 running 'init' at Tue, 18 Jul 2023 16:51:43 +0000. Up 9.21 seconds.
[    9.707321] cloud-init[955]: ci-info: ++++++++++++++++++++++++++++++++++++++Net device info++++++++++++++++++++++++++++++++++++++
[    9.713449] cloud-init[955]: ci-info: +--------+------+----------------------------+---------------+--------+-------------------+
[    9.719663] cloud-init[955]: ci-info: | Device |  Up  |          Address           |      Mask     | Scope  |     Hw-Address    |
[    9.725736] cloud-init[955]: ci-info: +--------+------+----------------------------+---------------+--------+-------------------+
[    9.731774] cloud-init[955]: ci-info: | enp0s3 | True |         10.0.2.15          | 255.255.255.0 | global | 02:be:82:6b:cc:1d |
[    9.737977] cloud-init[955]: ci-info: | enp0s3 | True | fe80::be:82ff:fe6b:cc1d/64 |       .       |  link  | 02:be:82:6b:cc:1d |
[    9.743989] cloud-init[955]: ci-info: |   lo   | True |         127.0.0.1          |   255.0.0.0   |  host  |         .         |
[    9.750178] cloud-init[[0;32m  OK  [0m] Started Initial cloud-init job (metadata service crawler).
[[0;32m  OK  [0m] Reached target Cloud-config availability.
[[0;32m  OK  [0m] Reached target Network is Online.
[955]: ci-info: |   lo   | True |          ::1/128           |       .       |  host  |         .         |
[    9.761179] cloud-init[955]: ci-info: +--------+------+----------------------------+---------------+--------+-------------------+
[    9.767130] cloud-init[955]: ci-info: +++++++++++++++++++++++++++Route IPv4 info++++++++++++++++++++++++++++
[    9.772632] cloud-init[955]: ci-info: +-------+-------------+----------+---------------+-----------+-------+
[    9.778102] cloud-init[955]:          Starting iSCSI initiator daemon (iscsid)...
[[0;32m  OK  [0m] Reached target System Initialization.
[[0;32m  OK  [0m] Started Message of the Day.
         Starting Socket activation for snappy daemon.
[[0;32m  OK  [0m] Listening on ACPID Listen Socket.
[[0;32m  OK  [0m] Started Ubuntu Advantage update messaging.
ci-info: | Route | Destination | Gateway  |    Genmask    | Interface | Flags |
[[0;32m  OK  [0m] Started ACPI Events Check.
[    9.792653] [[0;32m  OK  [0m] Reached target Paths.
[[0;32m  OK  [0m] Started Daily Cleanup of Temporary Directories.
[[0;32m  OK  [0m] Listening on D-Bus System Message Bus Socket.
[[0;32m  OK  [0m] Started Daily apt download activities.
cloud-init         Starting LXD - unix socket.
[[0;32m  OK  [0m] Listening on UUID daemon activation socket.
[[0;32m  OK  [0m] Started Daily apt upgrade and clean activities.
[[0;32m  OK  [0m] Reached target Timers.
[[0;32m  OK  [0m] Listening on Socket activation for snappy daemon.
[[0;32m  OK  [0m] Listening on LXD - unix socket.
[[0;32m  OK  [0m] Reached target Sockets.
[[0;32m  OK  [0m] Reached target Basic System.
         Starting Accounts Service...
[[0;32m  OK  [0m] Started Deferred execution scheduler.
         Starting LSB: MD monitoring daemon...
[[0;32m  OK  [0m] Started D-Bus System Message Bus.
[955]: ci-info: +-------+-------------+----------+---------------+-----------+-------+
[    9.826825] cloud-init[955]: ci-info: |   0   |   0.0.0.0   | 10.0.2.2 |    0.0.0.0    |   enp0s3  |   UG  |
[    9.835070] cloud-init[955]: ci-info: |   1   |   10.0.2.0  | 0.0.0.0  | 255.255.255.0 |   enp0s3  |   U   |
[    9.842994] cloud-init[955]: ci-info: +-------+-------------+----------+---------------+-----------+-------+
[    9.850106] cloud-init[955]: ci-info: +++++++++++++++++++Route IPv6 info+++++++++++++++++++
[    9.857037] cloud-init[955]: ci-info: +-------+-------------+---------+-----------+-------+
[    9.863820] cloud-init[955]: ci-info: | Route | Destination | Gateway | Interface | Flags |
[    9.870250] cloud-init[955]: ci-info: +-------+-------------+---------+-----------+-------+
[    9.877559] cloud-init[955]: ci-info: |   0   |  fe80::/64  |    ::   |   enp0s3  |   U   |
[    9.882898]          Starting Pollinate to seed the pseudo random number generator...
cloud-init[[0;32m  OK  [0m] Started Regular background program processing daemon.
         Starting Login Service...
         Starting Snap Daemon...
[955]: [[0;32m  OK  [0m] Started FUSE filesystem for LXC.
         Starting System Logging Service...
         Starting Virtualbox guest utils...
         Starting LSB: Record successful boot for GRUB...
         Starting /etc/rc.local Compatibility...
ci-info: |   3   |   ff00::/8  |    ::   |   enp0s3  |   U   |
[[0;32m  OK  [0m] Started ACPI event daemon.
         Starting LXD - container startup/shutdown...
[[0;32m  OK  [0m] Started /etc/rc.local Compatibility.
[    9.946133] cloud-init[955]: ci-info: +-------+-------------+---------+-----------+-------+
         Starting Authenticate and Authorize Users to Run Privileged Tasks...
[[0;32m  OK  [0m] Started iSCSI initiator daemon (iscsid).
         Starting Login to default iSCSI targets...
[[0;32m  OK  [0m] Started Login Service.
[[0;32m  OK  [0m] Started Unattended Upgrades Shutdown.
[[0;32m  OK  [0m] Started LSB: MD monitoring daemon.
[[0;32m  OK  [0m] Started Login to default iSCSI targets.
[[0;32m  OK  [0m] Reached target Remote File Systems (Pre).
[[0;32m  OK  [0m] Reached target Remote File Systems.
         Starting LSB: daemon to balance interrupts for SMP systems...
         Starting LSB: Set the CPU Frequency Scaling governor to "ondemand"...
         Starting Permit User Sessions...
         Starting LSB: automatic crash report generation...
[[0;32m  OK  [0m] Started System Logging Service.
[[0;32m  OK  [0m] Started Permit User Sessions.
         Starting Hold until boot process finishes up...
         Starting Terminate Plymouth Boot Screen...
[[0;32m  OK  [0m] Started Hold until boot process finishes up.
[[0;32m  OK  [0m] Started Serial Getty on ttyS0.
         Starting Set console scheme...
[[0;32m  OK  [0m] Started Getty on tty1.
[[0;32m  OK  [0m] Reached target Login Prompts.
[   10.049182] [[0;32m  OK  [0m] Started Terminate Plymouth Boot Screen.
cloud-init[955]: Generating public/private rsa key pair.
[[0;32m  OK  [0m] Started Set console scheme.
[[0;32m  OK  [0m] Started LSB: Set the CPU Frequency Scaling governor to "ondemand".
[   10.100875] [[0;32m  OK  [0m] Started LSB: Record successful boot for GRUB.
[[0;32m  OK  [0m] Started LSB: automatic crash report generation.
[[0;32m  OK  [0m] Started Authenticate and Authorize Users to Run Privileged Tasks.
[[0;32m  OK  [0m] Started Accounts Service.
[[0;32m  OK  [0m] Started LSB: daemon to balance interrupts for SMP systems.
cloud-init[[0;32m  OK  [0m] Started LXD - container startup/shutdown.
[955]: Your identification has been saved in /etc/ssh/ssh_host_rsa_key.
[   10.165506] cloud-init[955]: Your public key has been saved in /etc/ssh/ssh_host_rsa_key.pub.
[   10.176147] cloud-init[955]: The key fingerprint is:
[   10.179912] cloud-init[955]: SHA256:13SJYszCVj5v/Al75chBuUbo+cs5OJBvMs0i4hXp/kU root@ubuntu-xenial
[   10.184281] cloud-init[955]: The key's randomart image is:
[   10.189711] cloud-init[955]: +---[RSA 2048]----+
[   10.192974] cloud-init[955]: |          .      |
[   10.201366] cloud-init[955]: |       . =   o o |
[   10.208148] cloud-init[955]: |        + B + *  |[[0;32m  OK  [0m] Started Virtualbox guest utils.

[   10.216631] cloud-init[955]: |       . + O = . |
[   10.221347] cloud-init[955]: |        S ..E + .|
[   10.226599] cloud-init[955]: |       . ooo B * |
[   10.235578] cloud-init[955]: |        o  =o.B .|
[   10.244891] cloud-init[955]: |      .o. +.Bo.o |
[   10.251013] cloud-init[955]: |     ....o.= .+. |
[   10.259451] cloud-init[955]: +----[SHA256]-----+
[   10.265869] cloud-init[955]: Generating public/private dsa key pair.
[   10.270652] cloud-init[955]: Your identification has been saved in /etc/ssh/ssh_host_dsa_key.
[   10.276203] cloud-init[955]: Your public key has been saved in /etc/ssh/ssh_host_dsa_key.pub.
[   10.281986] cloud-init[955]: The key fingerprint is:
[   10.289151] cloud-init[955]: SHA256:lDlpgdMV419KwwpgIVkc3LUn2HftyTWgst8W0ybkVkI root@ubuntu-xenial
[   10.306508] cloud-init[955]: The key's randomart image is:
[   10.310884] cloud-init[955]: +---[DSA 1024]----+
[   10.313733] cloud-init[955]: |    .=**.o=. E   |
[   10.316415] cloud-init[955]: |    .o=.oO +o .. |
[   10.320245] cloud-init[955]: |       .X.=.*oooo|
[   10.323470] cloud-init[955]: |       o ooBo==.+|
[   10.326327] cloud-init[955]: |        S.. o* =.|
[   10.329209] cloud-init[955]: |          . o =  |
[   10.331858] cloud-init[955]: |           . o   |
[   10.334645] cloud-init[955]: |            .    |
[   10.337373] cloud-init[955]: |                 |
[   10.342208] cloud-init[955]: +----[SHA256]-----+
[   10.345386] cloud-init[955]: Generating public/private ecdsa key pair.
[   10.349784] cloud-init[955]: Your identification has been saved in /etc/ssh/ssh_host_ecdsa_key.
[   10.358441] cloud-init[955]: Your public key has been saved in /etc/ssh/ssh_host_ecdsa_key.pub.
[   10.362540] cloud-init[955]: The key fingerprint is:
[   10.370034] cloud-init[955]: SHA256:HIxubOLDgh5U/hytzd+Vzqj7BXy6BFCMvYlrzn1/LEw root@ubuntu-xenial
[   10.379095] cloud-init[955]: The key's randomart image is:
[   10.385411] cloud-init[955]: +---[ECDSA 256]---+
[   10.391254] cloud-init[955]: |        +.       |
[   10.397088] cloud-init[955]: |       +.o       |
[   10.403103] cloud-init[955]: |   .  ..+ o      |
[   10.408576] cloud-init[955]: |  o  o.o.+.      |
[   10.416937] cloud-init[955]: | . ...=.S. o .   |
[   10.422732] cloud-init[955]: |.. oo+=o  . +E.  |
[   10.430447] cloud-init[955]: |... +++o.  oo+.  |
[   10.436489] cloud-init[955]: |. .. . o..o.Bo o |
[   10.441357] cloud-init[955]: | .       +==.+o  |
[   10.445890] cloud-init[955]: +----[SHA256]-----+
[   10.450437] cloud-init[955]: Generating public/private ed25519 key pair.
[[0;32m  OK  [0m] Started Snap Daemon.
[   10.459166] cloud-init[955]: Your identification has been saved in /etc/ssh/ssh_host_ed25519_key.
[   10.465483] cloud-init[955]: Your public key has been saved in /etc/ssh/ssh_host_ed25519_key.pub.
[   10.472446] cloud-init[955]: The key fingerprint is:
[   10.478848] cloud-init[955]: SHA256:wV2CQRLbsH5EoCSJ/DNdo+H3OlPQFROsuGdlOAjBBew root@ubuntu-xenial         Starting Wait until snapd is fully seeded...

[[0;32m  OK  [0m] Started Pollinate to seed the pseudo random number generator.
[   10.488022]          Starting OpenBSD Secure Shell server...
cloud-init[955]: The key's randomart image is:
[   10.503394] cloud-init[955]: +--[ED25519 256]--+
[[0;32m  OK  [0m] Started OpenBSD Secure Shell server.
[   10.529667] cloud-init[955]: |....+oO=+oo++    |
[   10.543307] cloud-init[955]: |...o * @.. =.    |
[   10.555791] cloud-init[955]: |  . = B X =      |
[   10.560723] cloud-init[955]: |   + E * * o     |
[   10.565524] cloud-init[955]: |    o o S +      |
[   10.569091] cloud-init[955]: |       o =       |
[   10.573082] cloud-init[955]: |        =        |
[   10.577244] cloud-init[955]: |       +         |
[   10.587508] cloud-init[955]: |        o        |
[   10.594156] cloud-init[955]: +----[SHA256]-----+
[[0;32m  OK  [0m] Created slice User Slice of vagrant.
         Starting User Manager for UID 1000...
[[0;32m  OK  [0m] Started Session 1 of user vagrant.
[[0;32m  OK  [0m] Started User Manager for UID 1000.
[[0;32m  OK  [0m] Started Wait until snapd is fully seeded.
         Starting Apply the settings specified in cloud-config...
[[0;32m  OK  [0m] Reached target Multi-User System.
[[0;32m  OK  [0m] Reached target Graphical Interface.
         Starting Update UTMP about System Runlevel Changes...
[[0;32m  OK  [0m] Started Update UTMP about System Runlevel Changes.
[   12.006524] cloud-init[1385]: Generating locales (this might take a while)...
         Stopping User Manager for UID 1000...
[[0;32m  OK  [0m] Stopped User Manager for UID 1000.
[[0;32m  OK  [0m] Removed slice User Slice of vagrant.
[   12.955995] cloud-init[1385]:   en_US.UTF-8... done
[   12.959292] cloud-init[1385]: Generation complete.
[[0;32m  OK  [0m] Created slice User Slice of vagrant.
         Starting User Manager for UID 1000...
[[0;32m  OK  [0m] Started Session 2 of user vagrant.
[[0;32m  OK  [0m] Started User Manager for UID 1000.
[   13.254071] cloud-init[1385]: Cloud-init v. 21.1-19-gbad84ad4-0ubuntu1~16.04.2 running 'modules:config' at Tue, 18 Jul 2023 16:51:45 +0000. Up 11.90 seconds.
[[0;32m  OK  [0m] Started Apply the settings specified in cloud-config.
         Starting Execute cloud user/final scripts...
ci-info: no authorized SSH keys fingerprints found for user ubuntu.
<14>Jul 18 16:51:47 ec2: 
<14>Jul 18 16:51:47 ec2: #############################################################
<14>Jul 18 16:51:47 ec2: -----BEGIN SSH HOST KEY FINGERPRINTS-----
<14>Jul 18 16:51:47 ec2: 1024 SHA256:lDlpgdMV419KwwpgIVkc3LUn2HftyTWgst8W0ybkVkI root@ubuntu-xenial (DSA)
<14>Jul 18 16:51:47 ec2: 256 SHA256:HIxubOLDgh5U/hytzd+Vzqj7BXy6BFCMvYlrzn1/LEw root@ubuntu-xenial (ECDSA)
<14>Jul 18 16:51:47 ec2: 256 SHA256:wV2CQRLbsH5EoCSJ/DNdo+H3OlPQFROsuGdlOAjBBew root@ubuntu-xenial (ED25519)
<14>Jul 18 16:51:47 ec2: 2048 SHA256:13SJYszCVj5v/Al75chBuUbo+cs5OJBvMs0i4hXp/kU root@ubuntu-xenial (RSA)
<14>Jul 18 16:51:47 ec2: -----END SSH HOST KEY FINGERPRINTS-----
<14>Jul 18 16:51:47 ec2: #############################################################
-----BEGIN SSH HOST KEY KEYS-----
ecdsa-sha2-nistp256 AAAAE2VjZHNhLXNoYTItbmlzdHAyNTYAAAAIbmlzdHAyNTYAAABBBGnfTfE0HEb/N9SnQXkueYZLMtMbUTkJ5eOS4SRFA6X9wu10x2WGTcqRWgKvhGEBILClcLuz8e6nrwys7sotTZw= root@ubuntu-xenial
ssh-ed25519 AAAAC3NzaC1lZDI1NTE5AAAAIILUjSYMpObuyHJlTSl6QmzpCQFDH0LTd4kV0hXh9aHl root@ubuntu-xenial
ssh-rsa AAAAB3NzaC1yc2EAAAADAQABAAABAQDZQ3P8m2CqLmgZe9Imhx0HkUSQuKNfJNCXPmzjbXB45rFPYcI8VWwo1wXO3ITdqyP/DcqKGZAg8Y2HqJ29pe6FsgSP3NU/ARk+kkE7BeKkKll2lrMJCfvwAUwPEzbWUeT0dRMbikPWAOqW41K7Cn9eIwjk44BND9dXBLMgmzBK22wT/6Rgg0MJECTRAhvCYjaUeAhO65YzAdVNrKg7k7k/iXdpxyO1ExGYPZEOKDnUrRk88T2k4SxYOq+4S4ijqTFYS9XR66JG4HuPPm+uum9v4WOijdXjOAtqqinBKc6UdB/JPw17uOF7GkbkQvRZaAw/TFIgIVeMzJV2a3N3VAmx root@ubuntu-xenial
-----END SSH HOST KEY KEYS-----
[   13.670216] cloud-init[1655]: Cloud-init v. 21.1-19-gbad84ad4-0ubuntu1~16.04.2 running 'modules:final' at Tue, 18 Jul 2023 16:51:47 +0000. Up 13.51 seconds.
[   13.676877] cloud-init[1655]: ci-info: no authorized SSH keys fingerprints found for user ubuntu.
[   13.684500] cloud-init[1655]: Cloud-init v. 21.1-19-gbad84ad4-0ubuntu1~16.04.2 finished at Tue, 18 Jul 2023 16:51:47 +0000. Datasource DataSourceNoCloud [seed=/dev/sdb][dsmode=net].  Up 13.66 seconds
[[0;32m  OK  [0m] Started Execute cloud user/final scripts.
[[0;32m  OK  [0m] Reached target Cloud-init target.

Ubuntu 16.04.7 LTS ubuntu-xenial ttyS0

ubuntu-xenial login: 